#
# There is insufficient memory for the Java Runtime Environment to continue.
# Native memory allocation (malloc) failed to allocate 32744 bytes for ChunkPool::allocate
# Possible reasons:
#   The system is out of physical RAM or swap space
#   The process is running with CompressedOops enabled, and the Java Heap may be blocking the growth of the native heap
# Possible solutions:
#   Reduce memory load on the system
#   Increase physical memory or swap space
#   Check if swap backing store is full
#   Decrease Java heap size (-Xmx/-Xms)
#   Decrease number of Java threads
#   Decrease Java thread stack sizes (-Xss)
#   Set larger code cache with -XX:ReservedCodeCacheSize=
#   JVM is running with Zero Based Compressed Oops mode in which the Java heap is
#     placed in the first 32GB address space. The Java Heap base address is the
#     maximum limit for the native heap growth. Please use -XX:HeapBaseMinAddress
#     to set the Java Heap base and to place the Java Heap above 32GB virtual address.
# This output file may be truncated or incomplete.
#
#  Out of Memory Error (./open/src/hotspot/share/memory/arena.cpp:81), pid=47996, tid=33096
#
# JRE version: Java(TM) SE Runtime Environment 18.9 (11.0.10+8) (build 11.0.10+8-LTS-162)
# Java VM: Java HotSpot(TM) 64-Bit Server VM 18.9 (11.0.10+8-LTS-162, mixed mode, tiered, compressed oops, g1 gc, windows-amd64)
# No core dump will be written. Minidumps are not enabled by default on client versions of Windows
#

---------------  S U M M A R Y ------------

Command Line: -javaagent:C:\Program Files\JetBrains\IntelliJ IDEA Community Edition 2021.2\lib\idea_rt.jar=33079:C:\Program Files\JetBrains\IntelliJ IDEA Community Edition 2021.2\bin -Dfile.encoding=UTF-8 com.example.PeanutButter.PeanutButterApplication

Host: Intel(R) Core(TM) i7-4702MQ CPU @ 2.20GHz, 8 cores, 15G,  Windows 10 , 64 bit Build 19041 (10.0.19041.1503)
Time: Fri Mar  4 17:33:02 2022 South Africa Standard Time elapsed time: 46.094226 seconds (0d 0h 0m 46s)

---------------  T H R E A D  ---------------

Current thread (0x00000248fedb5000):  JavaThread "C2 CompilerThread0" daemon [_thread_in_native, id=33096, stack(0x000000d8b6100000,0x000000d8b6200000)]


Current CompileTask:
C2:  46094 3379       4       java.lang.StringBuilder::append (8 bytes)

Stack: [0x000000d8b6100000,0x000000d8b6200000]
Native frames: (J=compiled Java code, j=interpreted, Vv=VM code, C=native code)
V  [jvm.dll+0x613e6a]
V  [jvm.dll+0x74c1ff]
V  [jvm.dll+0x74d885]
V  [jvm.dll+0x74df03]
V  [jvm.dll+0x243b78]
V  [jvm.dll+0xba66b]
V  [jvm.dll+0xba43d]
V  [jvm.dll+0x5f449f]
V  [jvm.dll+0x643863]
V  [jvm.dll+0x19431d]
V  [jvm.dll+0x1fd4a2]
V  [jvm.dll+0x1fc54f]
V  [jvm.dll+0x17f09c]
V  [jvm.dll+0x20bbd4]
V  [jvm.dll+0x209cab]
V  [jvm.dll+0x713619]
V  [jvm.dll+0x70c314]
V  [jvm.dll+0x613036]
C  [ucrtbase.dll+0x21bb2]
C  [KERNEL32.DLL+0x17034]
C  [ntdll.dll+0x52651]


---------------  P R O C E S S  ---------------

Threads class SMR info:
_java_thread_list=0x000002489402ea40, length=27, elements={
0x00000248fed8b000, 0x00000248fed8c800, 0x00000248fedb1800, 0x00000248fedb3800,
0x00000248fedb5000, 0x00000248fedb9000, 0x00000248ff6a4000, 0x00000248ff640800,
0x00000248930a4000, 0x00000248ff95b000, 0x0000024893e2f800, 0x000002489433c800,
0x0000024895be9000, 0x000002489532c800, 0x0000024894336800, 0x000002489467c800,
0x00000248955a6800, 0x0000024896a10800, 0x0000024897752800, 0x00000248954af000,
0x00000248954af800, 0x00000248954b1800, 0x00000248954b2000, 0x00000248954ae000,
0x00000248954b0800, 0x00000248954b3800, 0x000002489407b000
}

Java Threads: ( => current thread )
  0x00000248fed8b000 JavaThread "Reference Handler" daemon [_thread_blocked, id=38760, stack(0x000000d8b5d00000,0x000000d8b5e00000)]
  0x00000248fed8c800 JavaThread "Finalizer" daemon [_thread_blocked, id=15644, stack(0x000000d8b5e00000,0x000000d8b5f00000)]
  0x00000248fedb1800 JavaThread "Signal Dispatcher" daemon [_thread_blocked, id=25536, stack(0x000000d8b5f00000,0x000000d8b6000000)]
  0x00000248fedb3800 JavaThread "Attach Listener" daemon [_thread_blocked, id=26556, stack(0x000000d8b6000000,0x000000d8b6100000)]
=>0x00000248fedb5000 JavaThread "C2 CompilerThread0" daemon [_thread_in_native, id=33096, stack(0x000000d8b6100000,0x000000d8b6200000)]
  0x00000248fedb9000 JavaThread "C1 CompilerThread0" daemon [_thread_in_native, id=23400, stack(0x000000d8b6200000,0x000000d8b6300000)]
  0x00000248ff6a4000 JavaThread "Sweeper thread" daemon [_thread_blocked, id=11288, stack(0x000000d8b6300000,0x000000d8b6400000)]
  0x00000248ff640800 JavaThread "Common-Cleaner" daemon [_thread_blocked, id=30520, stack(0x000000d8b6400000,0x000000d8b6500000)]
  0x00000248930a4000 JavaThread "Monitor Ctrl-Break" daemon [_thread_in_native, id=36552, stack(0x000000d8b6600000,0x000000d8b6700000)]
  0x00000248ff95b000 JavaThread "Service Thread" daemon [_thread_blocked, id=42580, stack(0x000000d8b6700000,0x000000d8b6800000)]
  0x0000024893e2f800 JavaThread "Catalina-utility-1" [_thread_blocked, id=31648, stack(0x000000d8b6900000,0x000000d8b6a00000)]
  0x000002489433c800 JavaThread "Catalina-utility-2" [_thread_blocked, id=38680, stack(0x000000d8b7000000,0x000000d8b7100000)]
  0x0000024895be9000 JavaThread "container-0" [_thread_blocked, id=41876, stack(0x000000d8b7100000,0x000000d8b7200000)]
  0x000002489532c800 JavaThread "http-nio-8080-exec-1" daemon [_thread_in_vm, id=53404, stack(0x000000d8b7500000,0x000000d8b7600000)]
  0x0000024894336800 JavaThread "http-nio-8080-exec-2" daemon [_thread_blocked, id=42672, stack(0x000000d8b7600000,0x000000d8b7700000)]
  0x000002489467c800 JavaThread "http-nio-8080-exec-3" daemon [_thread_blocked, id=52564, stack(0x000000d8b7700000,0x000000d8b7800000)]
  0x00000248955a6800 JavaThread "http-nio-8080-exec-4" daemon [_thread_blocked, id=44644, stack(0x000000d8b7800000,0x000000d8b7900000)]
  0x0000024896a10800 JavaThread "http-nio-8080-exec-5" daemon [_thread_blocked, id=20012, stack(0x000000d8b7900000,0x000000d8b7a00000)]
  0x0000024897752800 JavaThread "http-nio-8080-exec-6" daemon [_thread_blocked, id=10280, stack(0x000000d8b7a00000,0x000000d8b7b00000)]
  0x00000248954af000 JavaThread "http-nio-8080-exec-7" daemon [_thread_blocked, id=17248, stack(0x000000d8b7b00000,0x000000d8b7c00000)]
  0x00000248954af800 JavaThread "http-nio-8080-exec-8" daemon [_thread_blocked, id=41080, stack(0x000000d8b7c00000,0x000000d8b7d00000)]
  0x00000248954b1800 JavaThread "http-nio-8080-exec-9" daemon [_thread_blocked, id=42056, stack(0x000000d8b7d00000,0x000000d8b7e00000)]
  0x00000248954b2000 JavaThread "http-nio-8080-exec-10" daemon [_thread_blocked, id=13640, stack(0x000000d8b7e00000,0x000000d8b7f00000)]
  0x00000248954ae000 JavaThread "http-nio-8080-Poller" daemon [_thread_in_native, id=30040, stack(0x000000d8b7f00000,0x000000d8b8000000)]
  0x00000248954b0800 JavaThread "http-nio-8080-Acceptor" daemon [_thread_in_native, id=33864, stack(0x000000d8b8000000,0x000000d8b8100000)]
  0x00000248954b3800 JavaThread "DestroyJavaVM" [_thread_blocked, id=11380, stack(0x000000d8b5600000,0x000000d8b5700000)]
  0x000002489407b000 JavaThread "C2 CompilerThread1" daemon [_thread_in_native, id=27172, stack(0x000000d8b8100000,0x000000d8b8200000)]

Other Threads:
  0x00000248fed89000 VMThread "VM Thread" [stack: 0x000000d8b5c00000,0x000000d8b5d00000] [id=50328]
  0x00000248ff994800 WatcherThread [stack: 0x000000d8b6800000,0x000000d8b6900000] [id=10644]
  0x00000248ee3f3000 GCTaskThread "GC Thread#0" [stack: 0x000000d8b5700000,0x000000d8b5800000] [id=5364]
  0x0000024894488000 GCTaskThread "GC Thread#1" [stack: 0x000000d8b6a00000,0x000000d8b6b00000] [id=49068]
  0x0000024893663000 GCTaskThread "GC Thread#2" [stack: 0x000000d8b6b00000,0x000000d8b6c00000] [id=19880]
  0x0000024893663800 GCTaskThread "GC Thread#3" [stack: 0x000000d8b6c00000,0x000000d8b6d00000] [id=6552]
  0x0000024893ebb800 GCTaskThread "GC Thread#4" [stack: 0x000000d8b6d00000,0x000000d8b6e00000] [id=45132]
  0x0000024893ebc800 GCTaskThread "GC Thread#5" [stack: 0x000000d8b6e00000,0x000000d8b6f00000] [id=20260]
  0x0000024894106000 GCTaskThread "GC Thread#6" [stack: 0x000000d8b7200000,0x000000d8b7300000] [id=25428]
  0x000002489573a000 GCTaskThread "GC Thread#7" [stack: 0x000000d8b7300000,0x000000d8b7400000] [id=49792]
  0x00000248ee44e800 ConcurrentGCThread "G1 Main Marker" [stack: 0x000000d8b5800000,0x000000d8b5900000] [id=8472]
  0x00000248ee450000 ConcurrentGCThread "G1 Conc#0" [stack: 0x000000d8b5900000,0x000000d8b5a00000] [id=812]
  0x0000024893b0b800 ConcurrentGCThread "G1 Conc#1" [stack: 0x000000d8b6f00000,0x000000d8b7000000] [id=6960]
  0x00000248fec6f800 ConcurrentGCThread "G1 Refine#0" [stack: 0x000000d8b5a00000,0x000000d8b5b00000] [id=51444]
  0x00000248fec70800 ConcurrentGCThread "G1 Young RemSet Sampling" [stack: 0x000000d8b5b00000,0x000000d8b5c00000] [id=37044]

Threads with active compile tasks:
C2 CompilerThread0  46413 3379       4       java.lang.StringBuilder::append (8 bytes)
C1 CompilerThread0  46413 3387       3       org.springframework.core.OrderComparator::doCompare (60 bytes)
C2 CompilerThread1  46413 3386 %     4       java.util.Properties$LineReader::readLine @ 293 (584 bytes)

VM state:not at safepoint (normal execution)

VM Mutex/Monitor currently owned by a thread: None

Heap address: 0x0000000704a00000, size: 4022 MB, Compressed Oops mode: Zero based, Oop shift amount: 3
Narrow klass base: 0x0000000800000000, Narrow klass shift: 0
Compressed class space size: 1073741824 Address: 0x0000000800000000

Heap:
 garbage-first heap   total 258048K, used 24789K [0x0000000704a00000, 0x0000000800000000)
  region size 1024K, 21 young (21504K), 7 survivors (7168K)
 Metaspace       used 36800K, capacity 37933K, committed 38016K, reserved 1083392K
  class space    used 4254K, capacity 4683K, committed 4736K, reserved 1048576K
Heap Regions: E=young(eden), S=young(survivor), O=old, HS=humongous(starts), HC=humongous(continues), CS=collection set, F=free, A=archive, TAMS=top-at-mark-start (previous, next)
|   0|0x0000000704a00000, 0x0000000704b00000, 0x0000000704b00000|100%| O|  |TAMS 0x0000000704b00000, 0x0000000704a00000| Untracked 
|   1|0x0000000704b00000, 0x0000000704c00000, 0x0000000704c00000|100%| O|  |TAMS 0x0000000704c00000, 0x0000000704b00000| Untracked 
|   2|0x0000000704c00000, 0x0000000704d00000, 0x0000000704d00000|100%| O|  |TAMS 0x0000000704d00000, 0x0000000704c00000| Untracked 
|   3|0x0000000704d00000, 0x0000000704e00000, 0x0000000704e00000|100%| O|  |TAMS 0x0000000704e00000, 0x0000000704d00000| Untracked 
|   4|0x0000000704e00000, 0x0000000704e85800, 0x0000000704f00000| 52%| O|  |TAMS 0x0000000704e85800, 0x0000000704e00000| Untracked 
|   5|0x0000000704f00000, 0x0000000704f00000, 0x0000000705000000|  0%| F|  |TAMS 0x0000000704f00000, 0x0000000704f00000| Untracked 
|   6|0x0000000705000000, 0x0000000705000000, 0x0000000705100000|  0%| F|  |TAMS 0x0000000705000000, 0x0000000705000000| Untracked 
|   7|0x0000000705100000, 0x0000000705100000, 0x0000000705200000|  0%| F|  |TAMS 0x0000000705100000, 0x0000000705100000| Untracked 
|   8|0x0000000705200000, 0x0000000705200000, 0x0000000705300000|  0%| F|  |TAMS 0x0000000705200000, 0x0000000705200000| Untracked 
|   9|0x0000000705300000, 0x0000000705300000, 0x0000000705400000|  0%| F|  |TAMS 0x0000000705300000, 0x0000000705300000| Untracked 
|  10|0x0000000705400000, 0x0000000705400000, 0x0000000705500000|  0%| F|  |TAMS 0x0000000705400000, 0x0000000705400000| Untracked 
|  11|0x0000000705500000, 0x0000000705500000, 0x0000000705600000|  0%| F|  |TAMS 0x0000000705500000, 0x0000000705500000| Untracked 
|  12|0x0000000705600000, 0x0000000705600000, 0x0000000705700000|  0%| F|  |TAMS 0x0000000705600000, 0x0000000705600000| Untracked 
|  13|0x0000000705700000, 0x0000000705700000, 0x0000000705800000|  0%| F|  |TAMS 0x0000000705700000, 0x0000000705700000| Untracked 
|  14|0x0000000705800000, 0x0000000705800000, 0x0000000705900000|  0%| F|  |TAMS 0x0000000705800000, 0x0000000705800000| Untracked 
|  15|0x0000000705900000, 0x0000000705900000, 0x0000000705a00000|  0%| F|  |TAMS 0x0000000705900000, 0x0000000705900000| Untracked 
|  16|0x0000000705a00000, 0x0000000705a00000, 0x0000000705b00000|  0%| F|  |TAMS 0x0000000705a00000, 0x0000000705a00000| Untracked 
|  17|0x0000000705b00000, 0x0000000705b00000, 0x0000000705c00000|  0%| F|  |TAMS 0x0000000705b00000, 0x0000000705b00000| Untracked 
|  18|0x0000000705c00000, 0x0000000705c00000, 0x0000000705d00000|  0%| F|  |TAMS 0x0000000705c00000, 0x0000000705c00000| Untracked 
|  19|0x0000000705d00000, 0x0000000705d00000, 0x0000000705e00000|  0%| F|  |TAMS 0x0000000705d00000, 0x0000000705d00000| Untracked 
|  20|0x0000000705e00000, 0x0000000705e00000, 0x0000000705f00000|  0%| F|  |TAMS 0x0000000705e00000, 0x0000000705e00000| Untracked 
|  21|0x0000000705f00000, 0x0000000705f00000, 0x0000000706000000|  0%| F|  |TAMS 0x0000000705f00000, 0x0000000705f00000| Untracked 
|  22|0x0000000706000000, 0x0000000706000000, 0x0000000706100000|  0%| F|  |TAMS 0x0000000706000000, 0x0000000706000000| Untracked 
|  23|0x0000000706100000, 0x0000000706100000, 0x0000000706200000|  0%| F|  |TAMS 0x0000000706100000, 0x0000000706100000| Untracked 
|  24|0x0000000706200000, 0x0000000706200000, 0x0000000706300000|  0%| F|  |TAMS 0x0000000706200000, 0x0000000706200000| Untracked 
|  25|0x0000000706300000, 0x0000000706300000, 0x0000000706400000|  0%| F|  |TAMS 0x0000000706300000, 0x0000000706300000| Untracked 
|  26|0x0000000706400000, 0x0000000706400000, 0x0000000706500000|  0%| F|  |TAMS 0x0000000706400000, 0x0000000706400000| Untracked 
|  27|0x0000000706500000, 0x0000000706500000, 0x0000000706600000|  0%| F|  |TAMS 0x0000000706500000, 0x0000000706500000| Untracked 
|  28|0x0000000706600000, 0x0000000706600000, 0x0000000706700000|  0%| F|  |TAMS 0x0000000706600000, 0x0000000706600000| Untracked 
|  29|0x0000000706700000, 0x0000000706700000, 0x0000000706800000|  0%| F|  |TAMS 0x0000000706700000, 0x0000000706700000| Untracked 
|  30|0x0000000706800000, 0x0000000706800000, 0x0000000706900000|  0%| F|  |TAMS 0x0000000706800000, 0x0000000706800000| Untracked 
|  31|0x0000000706900000, 0x0000000706900000, 0x0000000706a00000|  0%| F|  |TAMS 0x0000000706900000, 0x0000000706900000| Untracked 
|  32|0x0000000706a00000, 0x0000000706a00000, 0x0000000706b00000|  0%| F|  |TAMS 0x0000000706a00000, 0x0000000706a00000| Untracked 
|  33|0x0000000706b00000, 0x0000000706b00000, 0x0000000706c00000|  0%| F|  |TAMS 0x0000000706b00000, 0x0000000706b00000| Untracked 
|  34|0x0000000706c00000, 0x0000000706c00000, 0x0000000706d00000|  0%| F|  |TAMS 0x0000000706c00000, 0x0000000706c00000| Untracked 
|  35|0x0000000706d00000, 0x0000000706d00000, 0x0000000706e00000|  0%| F|  |TAMS 0x0000000706d00000, 0x0000000706d00000| Untracked 
|  36|0x0000000706e00000, 0x0000000706e00000, 0x0000000706f00000|  0%| F|  |TAMS 0x0000000706e00000, 0x0000000706e00000| Untracked 
|  37|0x0000000706f00000, 0x0000000706f00000, 0x0000000707000000|  0%| F|  |TAMS 0x0000000706f00000, 0x0000000706f00000| Untracked 
|  38|0x0000000707000000, 0x0000000707000000, 0x0000000707100000|  0%| F|  |TAMS 0x0000000707000000, 0x0000000707000000| Untracked 
|  39|0x0000000707100000, 0x0000000707100000, 0x0000000707200000|  0%| F|  |TAMS 0x0000000707100000, 0x0000000707100000| Untracked 
|  40|0x0000000707200000, 0x0000000707200000, 0x0000000707300000|  0%| F|  |TAMS 0x0000000707200000, 0x0000000707200000| Untracked 
|  41|0x0000000707300000, 0x0000000707300000, 0x0000000707400000|  0%| F|  |TAMS 0x0000000707300000, 0x0000000707300000| Untracked 
|  42|0x0000000707400000, 0x0000000707400000, 0x0000000707500000|  0%| F|  |TAMS 0x0000000707400000, 0x0000000707400000| Untracked 
|  43|0x0000000707500000, 0x0000000707500000, 0x0000000707600000|  0%| F|  |TAMS 0x0000000707500000, 0x0000000707500000| Untracked 
|  44|0x0000000707600000, 0x0000000707600000, 0x0000000707700000|  0%| F|  |TAMS 0x0000000707600000, 0x0000000707600000| Untracked 
|  45|0x0000000707700000, 0x0000000707700000, 0x0000000707800000|  0%| F|  |TAMS 0x0000000707700000, 0x0000000707700000| Untracked 
|  46|0x0000000707800000, 0x0000000707800000, 0x0000000707900000|  0%| F|  |TAMS 0x0000000707800000, 0x0000000707800000| Untracked 
|  47|0x0000000707900000, 0x0000000707900000, 0x0000000707a00000|  0%| F|  |TAMS 0x0000000707900000, 0x0000000707900000| Untracked 
|  48|0x0000000707a00000, 0x0000000707a00000, 0x0000000707b00000|  0%| F|  |TAMS 0x0000000707a00000, 0x0000000707a00000| Untracked 
|  49|0x0000000707b00000, 0x0000000707b00000, 0x0000000707c00000|  0%| F|  |TAMS 0x0000000707b00000, 0x0000000707b00000| Untracked 
|  50|0x0000000707c00000, 0x0000000707c00000, 0x0000000707d00000|  0%| F|  |TAMS 0x0000000707c00000, 0x0000000707c00000| Untracked 
|  51|0x0000000707d00000, 0x0000000707d00000, 0x0000000707e00000|  0%| F|  |TAMS 0x0000000707d00000, 0x0000000707d00000| Untracked 
|  52|0x0000000707e00000, 0x0000000707e00000, 0x0000000707f00000|  0%| F|  |TAMS 0x0000000707e00000, 0x0000000707e00000| Untracked 
|  53|0x0000000707f00000, 0x0000000707f00000, 0x0000000708000000|  0%| F|  |TAMS 0x0000000707f00000, 0x0000000707f00000| Untracked 
|  54|0x0000000708000000, 0x0000000708000000, 0x0000000708100000|  0%| F|  |TAMS 0x0000000708000000, 0x0000000708000000| Untracked 
|  55|0x0000000708100000, 0x0000000708100000, 0x0000000708200000|  0%| F|  |TAMS 0x0000000708100000, 0x0000000708100000| Untracked 
|  56|0x0000000708200000, 0x0000000708200000, 0x0000000708300000|  0%| F|  |TAMS 0x0000000708200000, 0x0000000708200000| Untracked 
|  57|0x0000000708300000, 0x0000000708300000, 0x0000000708400000|  0%| F|  |TAMS 0x0000000708300000, 0x0000000708300000| Untracked 
|  58|0x0000000708400000, 0x0000000708400000, 0x0000000708500000|  0%| F|  |TAMS 0x0000000708400000, 0x0000000708400000| Untracked 
|  59|0x0000000708500000, 0x0000000708500000, 0x0000000708600000|  0%| F|  |TAMS 0x0000000708500000, 0x0000000708500000| Untracked 
|  60|0x0000000708600000, 0x0000000708600000, 0x0000000708700000|  0%| F|  |TAMS 0x0000000708600000, 0x0000000708600000| Untracked 
|  61|0x0000000708700000, 0x0000000708700000, 0x0000000708800000|  0%| F|  |TAMS 0x0000000708700000, 0x0000000708700000| Untracked 
|  62|0x0000000708800000, 0x0000000708800000, 0x0000000708900000|  0%| F|  |TAMS 0x0000000708800000, 0x0000000708800000| Untracked 
|  63|0x0000000708900000, 0x0000000708900000, 0x0000000708a00000|  0%| F|  |TAMS 0x0000000708900000, 0x0000000708900000| Untracked 
|  64|0x0000000708a00000, 0x0000000708a00000, 0x0000000708b00000|  0%| F|  |TAMS 0x0000000708a00000, 0x0000000708a00000| Untracked 
|  65|0x0000000708b00000, 0x0000000708b00000, 0x0000000708c00000|  0%| F|  |TAMS 0x0000000708b00000, 0x0000000708b00000| Untracked 
|  66|0x0000000708c00000, 0x0000000708c00000, 0x0000000708d00000|  0%| F|  |TAMS 0x0000000708c00000, 0x0000000708c00000| Untracked 
|  67|0x0000000708d00000, 0x0000000708d00000, 0x0000000708e00000|  0%| F|  |TAMS 0x0000000708d00000, 0x0000000708d00000| Untracked 
|  68|0x0000000708e00000, 0x0000000708e00000, 0x0000000708f00000|  0%| F|  |TAMS 0x0000000708e00000, 0x0000000708e00000| Untracked 
|  69|0x0000000708f00000, 0x0000000708f00000, 0x0000000709000000|  0%| F|  |TAMS 0x0000000708f00000, 0x0000000708f00000| Untracked 
|  70|0x0000000709000000, 0x0000000709000000, 0x0000000709100000|  0%| F|  |TAMS 0x0000000709000000, 0x0000000709000000| Untracked 
|  71|0x0000000709100000, 0x0000000709100000, 0x0000000709200000|  0%| F|  |TAMS 0x0000000709100000, 0x0000000709100000| Untracked 
|  72|0x0000000709200000, 0x0000000709200000, 0x0000000709300000|  0%| F|  |TAMS 0x0000000709200000, 0x0000000709200000| Untracked 
|  73|0x0000000709300000, 0x0000000709300000, 0x0000000709400000|  0%| F|  |TAMS 0x0000000709300000, 0x0000000709300000| Untracked 
|  74|0x0000000709400000, 0x0000000709400000, 0x0000000709500000|  0%| F|  |TAMS 0x0000000709400000, 0x0000000709400000| Untracked 
|  75|0x0000000709500000, 0x0000000709500000, 0x0000000709600000|  0%| F|  |TAMS 0x0000000709500000, 0x0000000709500000| Untracked 
|  76|0x0000000709600000, 0x0000000709600000, 0x0000000709700000|  0%| F|  |TAMS 0x0000000709600000, 0x0000000709600000| Untracked 
|  77|0x0000000709700000, 0x0000000709700000, 0x0000000709800000|  0%| F|  |TAMS 0x0000000709700000, 0x0000000709700000| Untracked 
|  78|0x0000000709800000, 0x0000000709800000, 0x0000000709900000|  0%| F|  |TAMS 0x0000000709800000, 0x0000000709800000| Untracked 
|  79|0x0000000709900000, 0x0000000709900000, 0x0000000709a00000|  0%| F|  |TAMS 0x0000000709900000, 0x0000000709900000| Untracked 
|  80|0x0000000709a00000, 0x0000000709a00000, 0x0000000709b00000|  0%| F|  |TAMS 0x0000000709a00000, 0x0000000709a00000| Untracked 
|  81|0x0000000709b00000, 0x0000000709b00000, 0x0000000709c00000|  0%| F|  |TAMS 0x0000000709b00000, 0x0000000709b00000| Untracked 
|  82|0x0000000709c00000, 0x0000000709c00000, 0x0000000709d00000|  0%| F|  |TAMS 0x0000000709c00000, 0x0000000709c00000| Untracked 
|  83|0x0000000709d00000, 0x0000000709d00000, 0x0000000709e00000|  0%| F|  |TAMS 0x0000000709d00000, 0x0000000709d00000| Untracked 
|  84|0x0000000709e00000, 0x0000000709e00000, 0x0000000709f00000|  0%| F|  |TAMS 0x0000000709e00000, 0x0000000709e00000| Untracked 
|  85|0x0000000709f00000, 0x0000000709f00000, 0x000000070a000000|  0%| F|  |TAMS 0x0000000709f00000, 0x0000000709f00000| Untracked 
|  86|0x000000070a000000, 0x000000070a000000, 0x000000070a100000|  0%| F|  |TAMS 0x000000070a000000, 0x000000070a000000| Untracked 
|  87|0x000000070a100000, 0x000000070a100000, 0x000000070a200000|  0%| F|  |TAMS 0x000000070a100000, 0x000000070a100000| Untracked 
|  88|0x000000070a200000, 0x000000070a200000, 0x000000070a300000|  0%| F|  |TAMS 0x000000070a200000, 0x000000070a200000| Untracked 
|  89|0x000000070a300000, 0x000000070a300000, 0x000000070a400000|  0%| F|  |TAMS 0x000000070a300000, 0x000000070a300000| Untracked 
|  90|0x000000070a400000, 0x000000070a400000, 0x000000070a500000|  0%| F|  |TAMS 0x000000070a400000, 0x000000070a400000| Untracked 
|  91|0x000000070a500000, 0x000000070a500000, 0x000000070a600000|  0%| F|  |TAMS 0x000000070a500000, 0x000000070a500000| Untracked 
|  92|0x000000070a600000, 0x000000070a600000, 0x000000070a700000|  0%| F|  |TAMS 0x000000070a600000, 0x000000070a600000| Untracked 
|  93|0x000000070a700000, 0x000000070a700000, 0x000000070a800000|  0%| F|  |TAMS 0x000000070a700000, 0x000000070a700000| Untracked 
|  94|0x000000070a800000, 0x000000070a800000, 0x000000070a900000|  0%| F|  |TAMS 0x000000070a800000, 0x000000070a800000| Untracked 
|  95|0x000000070a900000, 0x000000070a900000, 0x000000070aa00000|  0%| F|  |TAMS 0x000000070a900000, 0x000000070a900000| Untracked 
|  96|0x000000070aa00000, 0x000000070aa00000, 0x000000070ab00000|  0%| F|  |TAMS 0x000000070aa00000, 0x000000070aa00000| Untracked 
|  97|0x000000070ab00000, 0x000000070ab00000, 0x000000070ac00000|  0%| F|  |TAMS 0x000000070ab00000, 0x000000070ab00000| Untracked 
|  98|0x000000070ac00000, 0x000000070ac00000, 0x000000070ad00000|  0%| F|  |TAMS 0x000000070ac00000, 0x000000070ac00000| Untracked 
|  99|0x000000070ad00000, 0x000000070ad00000, 0x000000070ae00000|  0%| F|  |TAMS 0x000000070ad00000, 0x000000070ad00000| Untracked 
| 100|0x000000070ae00000, 0x000000070ae00000, 0x000000070af00000|  0%| F|  |TAMS 0x000000070ae00000, 0x000000070ae00000| Untracked 
| 101|0x000000070af00000, 0x000000070af00000, 0x000000070b000000|  0%| F|  |TAMS 0x000000070af00000, 0x000000070af00000| Untracked 
| 102|0x000000070b000000, 0x000000070b000000, 0x000000070b100000|  0%| F|  |TAMS 0x000000070b000000, 0x000000070b000000| Untracked 
| 103|0x000000070b100000, 0x000000070b100000, 0x000000070b200000|  0%| F|  |TAMS 0x000000070b100000, 0x000000070b100000| Untracked 
| 104|0x000000070b200000, 0x000000070b200000, 0x000000070b300000|  0%| F|  |TAMS 0x000000070b200000, 0x000000070b200000| Untracked 
| 105|0x000000070b300000, 0x000000070b300000, 0x000000070b400000|  0%| F|  |TAMS 0x000000070b300000, 0x000000070b300000| Untracked 
| 106|0x000000070b400000, 0x000000070b400000, 0x000000070b500000|  0%| F|  |TAMS 0x000000070b400000, 0x000000070b400000| Untracked 
| 107|0x000000070b500000, 0x000000070b500000, 0x000000070b600000|  0%| F|  |TAMS 0x000000070b500000, 0x000000070b500000| Untracked 
| 108|0x000000070b600000, 0x000000070b600000, 0x000000070b700000|  0%| F|  |TAMS 0x000000070b600000, 0x000000070b600000| Untracked 
| 109|0x000000070b700000, 0x000000070b700000, 0x000000070b800000|  0%| F|  |TAMS 0x000000070b700000, 0x000000070b700000| Untracked 
| 110|0x000000070b800000, 0x000000070b800000, 0x000000070b900000|  0%| F|  |TAMS 0x000000070b800000, 0x000000070b800000| Untracked 
| 111|0x000000070b900000, 0x000000070b900000, 0x000000070ba00000|  0%| F|  |TAMS 0x000000070b900000, 0x000000070b900000| Untracked 
| 112|0x000000070ba00000, 0x000000070ba00000, 0x000000070bb00000|  0%| F|  |TAMS 0x000000070ba00000, 0x000000070ba00000| Untracked 
| 113|0x000000070bb00000, 0x000000070bb00000, 0x000000070bc00000|  0%| F|  |TAMS 0x000000070bb00000, 0x000000070bb00000| Untracked 
| 114|0x000000070bc00000, 0x000000070bc00000, 0x000000070bd00000|  0%| F|  |TAMS 0x000000070bc00000, 0x000000070bc00000| Untracked 
| 115|0x000000070bd00000, 0x000000070bd00000, 0x000000070be00000|  0%| F|  |TAMS 0x000000070bd00000, 0x000000070bd00000| Untracked 
| 116|0x000000070be00000, 0x000000070be00000, 0x000000070bf00000|  0%| F|  |TAMS 0x000000070be00000, 0x000000070be00000| Untracked 
| 117|0x000000070bf00000, 0x000000070bf00000, 0x000000070c000000|  0%| F|  |TAMS 0x000000070bf00000, 0x000000070bf00000| Untracked 
| 118|0x000000070c000000, 0x000000070c000000, 0x000000070c100000|  0%| F|  |TAMS 0x000000070c000000, 0x000000070c000000| Untracked 
| 119|0x000000070c100000, 0x000000070c100000, 0x000000070c200000|  0%| F|  |TAMS 0x000000070c100000, 0x000000070c100000| Untracked 
| 120|0x000000070c200000, 0x000000070c200000, 0x000000070c300000|  0%| F|  |TAMS 0x000000070c200000, 0x000000070c200000| Untracked 
| 121|0x000000070c300000, 0x000000070c300000, 0x000000070c400000|  0%| F|  |TAMS 0x000000070c300000, 0x000000070c300000| Untracked 
| 122|0x000000070c400000, 0x000000070c400000, 0x000000070c500000|  0%| F|  |TAMS 0x000000070c400000, 0x000000070c400000| Untracked 
| 123|0x000000070c500000, 0x000000070c500000, 0x000000070c600000|  0%| F|  |TAMS 0x000000070c500000, 0x000000070c500000| Untracked 
| 124|0x000000070c600000, 0x000000070c600000, 0x000000070c700000|  0%| F|  |TAMS 0x000000070c600000, 0x000000070c600000| Untracked 
| 125|0x000000070c700000, 0x000000070c700000, 0x000000070c800000|  0%| F|  |TAMS 0x000000070c700000, 0x000000070c700000| Untracked 
| 126|0x000000070c800000, 0x000000070c800000, 0x000000070c900000|  0%| F|  |TAMS 0x000000070c800000, 0x000000070c800000| Untracked 
| 127|0x000000070c900000, 0x000000070c900000, 0x000000070ca00000|  0%| F|  |TAMS 0x000000070c900000, 0x000000070c900000| Untracked 
| 128|0x000000070ca00000, 0x000000070ca00000, 0x000000070cb00000|  0%| F|  |TAMS 0x000000070ca00000, 0x000000070ca00000| Untracked 
| 129|0x000000070cb00000, 0x000000070cb00000, 0x000000070cc00000|  0%| F|  |TAMS 0x000000070cb00000, 0x000000070cb00000| Untracked 
| 130|0x000000070cc00000, 0x000000070cc00000, 0x000000070cd00000|  0%| F|  |TAMS 0x000000070cc00000, 0x000000070cc00000| Untracked 
| 131|0x000000070cd00000, 0x000000070cd00000, 0x000000070ce00000|  0%| F|  |TAMS 0x000000070cd00000, 0x000000070cd00000| Untracked 
| 132|0x000000070ce00000, 0x000000070ce00000, 0x000000070cf00000|  0%| F|  |TAMS 0x000000070ce00000, 0x000000070ce00000| Untracked 
| 133|0x000000070cf00000, 0x000000070cf00000, 0x000000070d000000|  0%| F|  |TAMS 0x000000070cf00000, 0x000000070cf00000| Untracked 
| 134|0x000000070d000000, 0x000000070d000000, 0x000000070d100000|  0%| F|  |TAMS 0x000000070d000000, 0x000000070d000000| Untracked 
| 135|0x000000070d100000, 0x000000070d100000, 0x000000070d200000|  0%| F|  |TAMS 0x000000070d100000, 0x000000070d100000| Untracked 
| 136|0x000000070d200000, 0x000000070d200000, 0x000000070d300000|  0%| F|  |TAMS 0x000000070d200000, 0x000000070d200000| Untracked 
| 137|0x000000070d300000, 0x000000070d300000, 0x000000070d400000|  0%| F|  |TAMS 0x000000070d300000, 0x000000070d300000| Untracked 
| 138|0x000000070d400000, 0x000000070d400000, 0x000000070d500000|  0%| F|  |TAMS 0x000000070d400000, 0x000000070d400000| Untracked 
| 139|0x000000070d500000, 0x000000070d500000, 0x000000070d600000|  0%| F|  |TAMS 0x000000070d500000, 0x000000070d500000| Untracked 
| 140|0x000000070d600000, 0x000000070d600000, 0x000000070d700000|  0%| F|  |TAMS 0x000000070d600000, 0x000000070d600000| Untracked 
| 141|0x000000070d700000, 0x000000070d700000, 0x000000070d800000|  0%| F|  |TAMS 0x000000070d700000, 0x000000070d700000| Untracked 
| 142|0x000000070d800000, 0x000000070d800000, 0x000000070d900000|  0%| F|  |TAMS 0x000000070d800000, 0x000000070d800000| Untracked 
| 143|0x000000070d900000, 0x000000070d900000, 0x000000070da00000|  0%| F|  |TAMS 0x000000070d900000, 0x000000070d900000| Untracked 
| 144|0x000000070da00000, 0x000000070da00000, 0x000000070db00000|  0%| F|  |TAMS 0x000000070da00000, 0x000000070da00000| Untracked 
| 145|0x000000070db00000, 0x000000070db00000, 0x000000070dc00000|  0%| F|  |TAMS 0x000000070db00000, 0x000000070db00000| Untracked 
| 146|0x000000070dc00000, 0x000000070dc00000, 0x000000070dd00000|  0%| F|  |TAMS 0x000000070dc00000, 0x000000070dc00000| Untracked 
| 147|0x000000070dd00000, 0x000000070dd00000, 0x000000070de00000|  0%| F|  |TAMS 0x000000070dd00000, 0x000000070dd00000| Untracked 
| 148|0x000000070de00000, 0x000000070de00000, 0x000000070df00000|  0%| F|  |TAMS 0x000000070de00000, 0x000000070de00000| Untracked 
| 149|0x000000070df00000, 0x000000070df00000, 0x000000070e000000|  0%| F|  |TAMS 0x000000070df00000, 0x000000070df00000| Untracked 
| 150|0x000000070e000000, 0x000000070e000000, 0x000000070e100000|  0%| F|  |TAMS 0x000000070e000000, 0x000000070e000000| Untracked 
| 151|0x000000070e100000, 0x000000070e100000, 0x000000070e200000|  0%| F|  |TAMS 0x000000070e100000, 0x000000070e100000| Untracked 
| 152|0x000000070e200000, 0x000000070e200000, 0x000000070e300000|  0%| F|  |TAMS 0x000000070e200000, 0x000000070e200000| Untracked 
| 153|0x000000070e300000, 0x000000070e300000, 0x000000070e400000|  0%| F|  |TAMS 0x000000070e300000, 0x000000070e300000| Untracked 
| 154|0x000000070e400000, 0x000000070e400000, 0x000000070e500000|  0%| F|  |TAMS 0x000000070e400000, 0x000000070e400000| Untracked 
| 155|0x000000070e500000, 0x000000070e500000, 0x000000070e600000|  0%| F|  |TAMS 0x000000070e500000, 0x000000070e500000| Untracked 
| 156|0x000000070e600000, 0x000000070e600000, 0x000000070e700000|  0%| F|  |TAMS 0x000000070e600000, 0x000000070e600000| Untracked 
| 157|0x000000070e700000, 0x000000070e700000, 0x000000070e800000|  0%| F|  |TAMS 0x000000070e700000, 0x000000070e700000| Untracked 
| 158|0x000000070e800000, 0x000000070e800000, 0x000000070e900000|  0%| F|  |TAMS 0x000000070e800000, 0x000000070e800000| Untracked 
| 159|0x000000070e900000, 0x000000070e900000, 0x000000070ea00000|  0%| F|  |TAMS 0x000000070e900000, 0x000000070e900000| Untracked 
| 160|0x000000070ea00000, 0x000000070ea00000, 0x000000070eb00000|  0%| F|  |TAMS 0x000000070ea00000, 0x000000070ea00000| Untracked 
| 161|0x000000070eb00000, 0x000000070eb00000, 0x000000070ec00000|  0%| F|  |TAMS 0x000000070eb00000, 0x000000070eb00000| Untracked 
| 162|0x000000070ec00000, 0x000000070ec00000, 0x000000070ed00000|  0%| F|  |TAMS 0x000000070ec00000, 0x000000070ec00000| Untracked 
| 163|0x000000070ed00000, 0x000000070ed00000, 0x000000070ee00000|  0%| F|  |TAMS 0x000000070ed00000, 0x000000070ed00000| Untracked 
| 164|0x000000070ee00000, 0x000000070ee00000, 0x000000070ef00000|  0%| F|  |TAMS 0x000000070ee00000, 0x000000070ee00000| Untracked 
| 165|0x000000070ef00000, 0x000000070ef00000, 0x000000070f000000|  0%| F|  |TAMS 0x000000070ef00000, 0x000000070ef00000| Untracked 
| 166|0x000000070f000000, 0x000000070f000000, 0x000000070f100000|  0%| F|  |TAMS 0x000000070f000000, 0x000000070f000000| Untracked 
| 167|0x000000070f100000, 0x000000070f100000, 0x000000070f200000|  0%| F|  |TAMS 0x000000070f100000, 0x000000070f100000| Untracked 
| 168|0x000000070f200000, 0x000000070f200000, 0x000000070f300000|  0%| F|  |TAMS 0x000000070f200000, 0x000000070f200000| Untracked 
| 169|0x000000070f300000, 0x000000070f300000, 0x000000070f400000|  0%| F|  |TAMS 0x000000070f300000, 0x000000070f300000| Untracked 
| 170|0x000000070f400000, 0x000000070f400000, 0x000000070f500000|  0%| F|  |TAMS 0x000000070f400000, 0x000000070f400000| Untracked 
| 171|0x000000070f500000, 0x000000070f500000, 0x000000070f600000|  0%| F|  |TAMS 0x000000070f500000, 0x000000070f500000| Untracked 
| 172|0x000000070f600000, 0x000000070f600000, 0x000000070f700000|  0%| F|  |TAMS 0x000000070f600000, 0x000000070f600000| Untracked 
| 173|0x000000070f700000, 0x000000070f700000, 0x000000070f800000|  0%| F|  |TAMS 0x000000070f700000, 0x000000070f700000| Untracked 
| 174|0x000000070f800000, 0x000000070f800000, 0x000000070f900000|  0%| F|  |TAMS 0x000000070f800000, 0x000000070f800000| Untracked 
| 175|0x000000070f900000, 0x000000070f900000, 0x000000070fa00000|  0%| F|  |TAMS 0x000000070f900000, 0x000000070f900000| Untracked 
| 176|0x000000070fa00000, 0x000000070fa00000, 0x000000070fb00000|  0%| F|  |TAMS 0x000000070fa00000, 0x000000070fa00000| Untracked 
| 177|0x000000070fb00000, 0x000000070fb00000, 0x000000070fc00000|  0%| F|  |TAMS 0x000000070fb00000, 0x000000070fb00000| Untracked 
| 178|0x000000070fc00000, 0x000000070fc00000, 0x000000070fd00000|  0%| F|  |TAMS 0x000000070fc00000, 0x000000070fc00000| Untracked 
| 179|0x000000070fd00000, 0x000000070fd00000, 0x000000070fe00000|  0%| F|  |TAMS 0x000000070fd00000, 0x000000070fd00000| Untracked 
| 180|0x000000070fe00000, 0x000000070fe00000, 0x000000070ff00000|  0%| F|  |TAMS 0x000000070fe00000, 0x000000070fe00000| Untracked 
| 181|0x000000070ff00000, 0x000000070ff00000, 0x0000000710000000|  0%| F|  |TAMS 0x000000070ff00000, 0x000000070ff00000| Untracked 
| 182|0x0000000710000000, 0x0000000710000000, 0x0000000710100000|  0%| F|  |TAMS 0x0000000710000000, 0x0000000710000000| Untracked 
| 183|0x0000000710100000, 0x0000000710100000, 0x0000000710200000|  0%| F|  |TAMS 0x0000000710100000, 0x0000000710100000| Untracked 
| 184|0x0000000710200000, 0x0000000710200000, 0x0000000710300000|  0%| F|  |TAMS 0x0000000710200000, 0x0000000710200000| Untracked 
| 185|0x0000000710300000, 0x0000000710300000, 0x0000000710400000|  0%| F|  |TAMS 0x0000000710300000, 0x0000000710300000| Untracked 
| 186|0x0000000710400000, 0x0000000710400000, 0x0000000710500000|  0%| F|  |TAMS 0x0000000710400000, 0x0000000710400000| Untracked 
| 187|0x0000000710500000, 0x0000000710500000, 0x0000000710600000|  0%| F|  |TAMS 0x0000000710500000, 0x0000000710500000| Untracked 
| 188|0x0000000710600000, 0x0000000710600000, 0x0000000710700000|  0%| F|  |TAMS 0x0000000710600000, 0x0000000710600000| Untracked 
| 189|0x0000000710700000, 0x0000000710700000, 0x0000000710800000|  0%| F|  |TAMS 0x0000000710700000, 0x0000000710700000| Untracked 
| 190|0x0000000710800000, 0x0000000710800000, 0x0000000710900000|  0%| F|  |TAMS 0x0000000710800000, 0x0000000710800000| Untracked 
| 191|0x0000000710900000, 0x0000000710900000, 0x0000000710a00000|  0%| F|  |TAMS 0x0000000710900000, 0x0000000710900000| Untracked 
| 192|0x0000000710a00000, 0x0000000710a00000, 0x0000000710b00000|  0%| F|  |TAMS 0x0000000710a00000, 0x0000000710a00000| Untracked 
| 193|0x0000000710b00000, 0x0000000710b00000, 0x0000000710c00000|  0%| F|  |TAMS 0x0000000710b00000, 0x0000000710b00000| Untracked 
| 194|0x0000000710c00000, 0x0000000710c00000, 0x0000000710d00000|  0%| F|  |TAMS 0x0000000710c00000, 0x0000000710c00000| Untracked 
| 195|0x0000000710d00000, 0x0000000710d00000, 0x0000000710e00000|  0%| F|  |TAMS 0x0000000710d00000, 0x0000000710d00000| Untracked 
| 196|0x0000000710e00000, 0x0000000710e00000, 0x0000000710f00000|  0%| F|  |TAMS 0x0000000710e00000, 0x0000000710e00000| Untracked 
| 197|0x0000000710f00000, 0x0000000710f00000, 0x0000000711000000|  0%| F|  |TAMS 0x0000000710f00000, 0x0000000710f00000| Untracked 
| 198|0x0000000711000000, 0x0000000711000000, 0x0000000711100000|  0%| F|  |TAMS 0x0000000711000000, 0x0000000711000000| Untracked 
| 199|0x0000000711100000, 0x0000000711100000, 0x0000000711200000|  0%| F|  |TAMS 0x0000000711100000, 0x0000000711100000| Untracked 
| 200|0x0000000711200000, 0x0000000711200000, 0x0000000711300000|  0%| F|  |TAMS 0x0000000711200000, 0x0000000711200000| Untracked 
| 201|0x0000000711300000, 0x0000000711300000, 0x0000000711400000|  0%| F|  |TAMS 0x0000000711300000, 0x0000000711300000| Untracked 
| 202|0x0000000711400000, 0x0000000711400000, 0x0000000711500000|  0%| F|  |TAMS 0x0000000711400000, 0x0000000711400000| Untracked 
| 203|0x0000000711500000, 0x0000000711500000, 0x0000000711600000|  0%| F|  |TAMS 0x0000000711500000, 0x0000000711500000| Untracked 
| 204|0x0000000711600000, 0x0000000711600000, 0x0000000711700000|  0%| F|  |TAMS 0x0000000711600000, 0x0000000711600000| Untracked 
| 205|0x0000000711700000, 0x0000000711700000, 0x0000000711800000|  0%| F|  |TAMS 0x0000000711700000, 0x0000000711700000| Untracked 
| 206|0x0000000711800000, 0x0000000711800000, 0x0000000711900000|  0%| F|  |TAMS 0x0000000711800000, 0x0000000711800000| Untracked 
| 207|0x0000000711900000, 0x0000000711900000, 0x0000000711a00000|  0%| F|  |TAMS 0x0000000711900000, 0x0000000711900000| Untracked 
| 208|0x0000000711a00000, 0x0000000711a00000, 0x0000000711b00000|  0%| F|  |TAMS 0x0000000711a00000, 0x0000000711a00000| Untracked 
| 209|0x0000000711b00000, 0x0000000711b00000, 0x0000000711c00000|  0%| F|  |TAMS 0x0000000711b00000, 0x0000000711b00000| Untracked 
| 210|0x0000000711c00000, 0x0000000711c00000, 0x0000000711d00000|  0%| F|  |TAMS 0x0000000711c00000, 0x0000000711c00000| Untracked 
| 211|0x0000000711d00000, 0x0000000711d00000, 0x0000000711e00000|  0%| F|  |TAMS 0x0000000711d00000, 0x0000000711d00000| Untracked 
| 212|0x0000000711e00000, 0x0000000711e00000, 0x0000000711f00000|  0%| F|  |TAMS 0x0000000711e00000, 0x0000000711e00000| Untracked 
| 213|0x0000000711f00000, 0x0000000711f00000, 0x0000000712000000|  0%| F|  |TAMS 0x0000000711f00000, 0x0000000711f00000| Untracked 
| 214|0x0000000712000000, 0x0000000712000000, 0x0000000712100000|  0%| F|  |TAMS 0x0000000712000000, 0x0000000712000000| Untracked 
| 215|0x0000000712100000, 0x0000000712100000, 0x0000000712200000|  0%| F|  |TAMS 0x0000000712100000, 0x0000000712100000| Untracked 
| 216|0x0000000712200000, 0x0000000712200000, 0x0000000712300000|  0%| F|  |TAMS 0x0000000712200000, 0x0000000712200000| Untracked 
| 217|0x0000000712300000, 0x0000000712300000, 0x0000000712400000|  0%| F|  |TAMS 0x0000000712300000, 0x0000000712300000| Untracked 
| 218|0x0000000712400000, 0x0000000712400000, 0x0000000712500000|  0%| F|  |TAMS 0x0000000712400000, 0x0000000712400000| Untracked 
| 219|0x0000000712500000, 0x0000000712500000, 0x0000000712600000|  0%| F|  |TAMS 0x0000000712500000, 0x0000000712500000| Untracked 
| 220|0x0000000712600000, 0x0000000712600000, 0x0000000712700000|  0%| F|  |TAMS 0x0000000712600000, 0x0000000712600000| Untracked 
| 221|0x0000000712700000, 0x0000000712700000, 0x0000000712800000|  0%| F|  |TAMS 0x0000000712700000, 0x0000000712700000| Untracked 
| 222|0x0000000712800000, 0x0000000712800000, 0x0000000712900000|  0%| F|  |TAMS 0x0000000712800000, 0x0000000712800000| Untracked 
| 223|0x0000000712900000, 0x0000000712900000, 0x0000000712a00000|  0%| F|  |TAMS 0x0000000712900000, 0x0000000712900000| Untracked 
| 224|0x0000000712a00000, 0x0000000712a00000, 0x0000000712b00000|  0%| F|  |TAMS 0x0000000712a00000, 0x0000000712a00000| Untracked 
| 225|0x0000000712b00000, 0x0000000712b00000, 0x0000000712c00000|  0%| F|  |TAMS 0x0000000712b00000, 0x0000000712b00000| Untracked 
| 226|0x0000000712c00000, 0x0000000712c00000, 0x0000000712d00000|  0%| F|  |TAMS 0x0000000712c00000, 0x0000000712c00000| Untracked 
| 227|0x0000000712d00000, 0x0000000712d00000, 0x0000000712e00000|  0%| F|  |TAMS 0x0000000712d00000, 0x0000000712d00000| Untracked 
| 228|0x0000000712e00000, 0x0000000712e00000, 0x0000000712f00000|  0%| F|  |TAMS 0x0000000712e00000, 0x0000000712e00000| Untracked 
| 229|0x0000000712f00000, 0x0000000712f00000, 0x0000000713000000|  0%| F|  |TAMS 0x0000000712f00000, 0x0000000712f00000| Untracked 
| 230|0x0000000713000000, 0x0000000713000000, 0x0000000713100000|  0%| F|  |TAMS 0x0000000713000000, 0x0000000713000000| Untracked 
| 231|0x0000000713100000, 0x0000000713200000, 0x0000000713200000|100%| E|  |TAMS 0x0000000713100000, 0x0000000713100000| Complete 
| 232|0x0000000713200000, 0x0000000713300000, 0x0000000713300000|100%| E|CS|TAMS 0x0000000713200000, 0x0000000713200000| Complete 
| 233|0x0000000713300000, 0x0000000713400000, 0x0000000713400000|100%| E|CS|TAMS 0x0000000713300000, 0x0000000713300000| Complete 
| 234|0x0000000713400000, 0x0000000713500000, 0x0000000713500000|100%| E|CS|TAMS 0x0000000713400000, 0x0000000713400000| Complete 
| 235|0x0000000713500000, 0x0000000713600000, 0x0000000713600000|100%| E|CS|TAMS 0x0000000713500000, 0x0000000713500000| Complete 
| 236|0x0000000713600000, 0x00000007136affe0, 0x0000000713700000| 68%| S|CS|TAMS 0x0000000713600000, 0x0000000713600000| Complete 
| 237|0x0000000713700000, 0x0000000713800000, 0x0000000713800000|100%| S|CS|TAMS 0x0000000713700000, 0x0000000713700000| Complete 
| 238|0x0000000713800000, 0x0000000713900000, 0x0000000713900000|100%| S|CS|TAMS 0x0000000713800000, 0x0000000713800000| Complete 
| 239|0x0000000713900000, 0x0000000713a00000, 0x0000000713a00000|100%| S|CS|TAMS 0x0000000713900000, 0x0000000713900000| Complete 
| 240|0x0000000713a00000, 0x0000000713b00000, 0x0000000713b00000|100%| S|CS|TAMS 0x0000000713a00000, 0x0000000713a00000| Complete 
| 241|0x0000000713b00000, 0x0000000713c00000, 0x0000000713c00000|100%| S|CS|TAMS 0x0000000713b00000, 0x0000000713b00000| Complete 
| 242|0x0000000713c00000, 0x0000000713d00000, 0x0000000713d00000|100%| S|CS|TAMS 0x0000000713c00000, 0x0000000713c00000| Complete 
| 243|0x0000000713d00000, 0x0000000713e00000, 0x0000000713e00000|100%| E|CS|TAMS 0x0000000713d00000, 0x0000000713d00000| Complete 
| 244|0x0000000713e00000, 0x0000000713f00000, 0x0000000713f00000|100%| E|CS|TAMS 0x0000000713e00000, 0x0000000713e00000| Complete 
| 245|0x0000000713f00000, 0x0000000714000000, 0x0000000714000000|100%| E|CS|TAMS 0x0000000713f00000, 0x0000000713f00000| Complete 
| 246|0x0000000714000000, 0x0000000714100000, 0x0000000714100000|100%| E|CS|TAMS 0x0000000714000000, 0x0000000714000000| Complete 
| 247|0x0000000714100000, 0x0000000714200000, 0x0000000714200000|100%| E|CS|TAMS 0x0000000714100000, 0x0000000714100000| Complete 
| 248|0x0000000714200000, 0x0000000714300000, 0x0000000714300000|100%| E|CS|TAMS 0x0000000714200000, 0x0000000714200000| Complete 
| 249|0x0000000714300000, 0x0000000714400000, 0x0000000714400000|100%| E|CS|TAMS 0x0000000714300000, 0x0000000714300000| Complete 
| 250|0x0000000714400000, 0x0000000714500000, 0x0000000714500000|100%| E|CS|TAMS 0x0000000714400000, 0x0000000714400000| Complete 
| 251|0x0000000714500000, 0x0000000714600000, 0x0000000714600000|100%| E|CS|TAMS 0x0000000714500000, 0x0000000714500000| Complete 

Card table byte_map: [0x00000248f7380000,0x00000248f7b60000] _byte_map_base: 0x00000248f3b5b000

Marking Bits (Prev, Next): (CMBitMap*) 0x00000248ee43ddf8, (CMBitMap*) 0x00000248ee43de30
 Prev Bits: [0x00000248f8340000, 0x00000248fc218000)
 Next Bits: [0x000002488f000000, 0x0000024892ed8000)

Polling page: 0x00000248edbc0000

Metaspace:

Usage:
  Non-class:     32.47 MB capacity,    31.78 MB ( 98%) used,   577.30 KB (  2%) free+waste,   127.38 KB ( <1%) overhead. 
      Class:      4.57 MB capacity,     4.16 MB ( 91%) used,   367.36 KB (  8%) free+waste,    60.75 KB (  1%) overhead. 
       Both:     37.04 MB capacity,    35.94 MB ( 97%) used,   944.66 KB (  2%) free+waste,   188.13 KB ( <1%) overhead. 

Virtual space:
  Non-class space:       34.00 MB reserved,      32.50 MB ( 96%) committed 
      Class space:        1.00 GB reserved,       4.63 MB ( <1%) committed 
             Both:        1.03 GB reserved,      37.13 MB (  4%) committed 

Chunk freelists:
   Non-Class:  3.75 KB
       Class:  2.63 KB
        Both:  6.38 KB

CodeHeap 'non-profiled nmethods': size=120000Kb used=1747Kb max_used=1747Kb free=118252Kb
 bounds [0x0000024887ad0000, 0x0000024887d40000, 0x000002488f000000]
CodeHeap 'profiled nmethods': size=120000Kb used=7266Kb max_used=7266Kb free=112733Kb
 bounds [0x00000248805a0000, 0x0000024880cc0000, 0x0000024887ad0000]
CodeHeap 'non-nmethods': size=5760Kb used=1149Kb max_used=1192Kb free=4610Kb
 bounds [0x0000024880000000, 0x0000024880270000, 0x00000248805a0000]
 total_blobs=3852 nmethods=3375 adapters=388
 compilation: enabled
              stopped_count=0, restarted_count=0
 full_count=0

Compilation events (10 events):
Event: 45.935 Thread 0x00000248fedb5000 nmethod 3376 0x0000024887c84790 code [0x0000024887c84920, 0x0000024887c849c8]
Event: 45.974 Thread 0x00000248fedb9000 3378       3       java.lang.ClassLoader::definePackage (53 bytes)
Event: 45.975 Thread 0x00000248fedb9000 nmethod 3378 0x0000024880cb3390 code [0x0000024880cb3580, 0x0000024880cb3ad8]
Event: 45.978 Thread 0x00000248fedb5000 3379       4       java.lang.StringBuilder::append (8 bytes)
Event: 45.992 Thread 0x00000248fedb9000 3382       3       java.util.Calendar::internalGet (7 bytes)
Event: 45.992 Thread 0x00000248fedb9000 nmethod 3382 0x0000024880cb3d90 code [0x0000024880cb3f40, 0x0000024880cb4078]
Event: 46.005 Thread 0x00000248fedb9000 3384       3       jdk.internal.loader.BuiltinClassLoader::definePackage (276 bytes)
Event: 46.007 Thread 0x00000248fedb9000 nmethod 3384 0x0000024880cb4190 code [0x0000024880cb4680, 0x0000024880cb7678]
Event: 46.008 Thread 0x000002489407b000 3386 %     4       java.util.Properties$LineReader::readLine @ 293 (584 bytes)
Event: 46.015 Thread 0x00000248fedb9000 3387       3       org.springframework.core.OrderComparator::doCompare (60 bytes)

GC Heap History (10 events):
Event: 1.414 GC heap before
{Heap before GC invocations=0 (full 0):
 garbage-first heap   total 258048K, used 23552K [0x0000000704a00000, 0x0000000800000000)
  region size 1024K, 24 young (24576K), 0 survivors (0K)
 Metaspace       used 13436K, capacity 13700K, committed 13824K, reserved 1060864K
  class space    used 1321K, capacity 1426K, committed 1536K, reserved 1048576K
}
Event: 1.421 GC heap after
{Heap after GC invocations=1 (full 0):
 garbage-first heap   total 258048K, used 4460K [0x0000000704a00000, 0x0000000800000000)
  region size 1024K, 3 young (3072K), 3 survivors (3072K)
 Metaspace       used 13436K, capacity 13700K, committed 13824K, reserved 1060864K
  class space    used 1321K, capacity 1426K, committed 1536K, reserved 1048576K
}
Event: 2.251 GC heap before
{Heap before GC invocations=1 (full 0):
 garbage-first heap   total 258048K, used 25964K [0x0000000704a00000, 0x0000000800000000)
  region size 1024K, 24 young (24576K), 3 survivors (3072K)
 Metaspace       used 18617K, capacity 19110K, committed 19200K, reserved 1067008K
  class space    used 2012K, capacity 2221K, committed 2304K, reserved 1048576K
}
Event: 2.258 GC heap after
{Heap after GC invocations=2 (full 0):
 garbage-first heap   total 258048K, used 5940K [0x0000000704a00000, 0x0000000800000000)
  region size 1024K, 2 young (2048K), 2 survivors (2048K)
 Metaspace       used 18617K, capacity 19110K, committed 19200K, reserved 1067008K
  class space    used 2012K, capacity 2221K, committed 2304K, reserved 1048576K
}
Event: 2.445 GC heap before
{Heap before GC invocations=2 (full 0):
 garbage-first heap   total 258048K, used 15156K [0x0000000704a00000, 0x0000000800000000)
  region size 1024K, 12 young (12288K), 2 survivors (2048K)
 Metaspace       used 20775K, capacity 21214K, committed 21296K, reserved 1069056K
  class space    used 2235K, capacity 2410K, committed 2432K, reserved 1048576K
}
Event: 2.449 GC heap after
{Heap after GC invocations=3 (full 0):
 garbage-first heap   total 258048K, used 6225K [0x0000000704a00000, 0x0000000800000000)
  region size 1024K, 2 young (2048K), 2 survivors (2048K)
 Metaspace       used 20775K, capacity 21214K, committed 21296K, reserved 1069056K
  class space    used 2235K, capacity 2410K, committed 2432K, reserved 1048576K
}
Event: 6.920 GC heap before
{Heap before GC invocations=4 (full 0):
 garbage-first heap   total 258048K, used 85073K [0x0000000704a00000, 0x0000000800000000)
  region size 1024K, 80 young (81920K), 2 survivors (2048K)
 Metaspace       used 33546K, capacity 34501K, committed 34688K, reserved 1079296K
  class space    used 3842K, capacity 4223K, committed 4224K, reserved 1048576K
}
Event: 6.954 GC heap after
{Heap after GC invocations=5 (full 0):
 garbage-first heap   total 258048K, used 10609K [0x0000000704a00000, 0x0000000800000000)
  region size 1024K, 6 young (6144K), 6 survivors (6144K)
 Metaspace       used 33546K, capacity 34501K, committed 34688K, reserved 1079296K
  class space    used 3842K, capacity 4223K, committed 4224K, reserved 1048576K
}
Event: 7.182 GC heap before
{Heap before GC invocations=5 (full 0):
 garbage-first heap   total 258048K, used 18801K [0x0000000704a00000, 0x0000000800000000)
  region size 1024K, 15 young (15360K), 6 survivors (6144K)
 Metaspace       used 34860K, capacity 35846K, committed 35968K, reserved 1081344K
  class space    used 4018K, capacity 4391K, committed 4480K, reserved 1048576K
}
Event: 7.190 GC heap after
{Heap after GC invocations=6 (full 0):
 garbage-first heap   total 258048K, used 11477K [0x0000000704a00000, 0x0000000800000000)
  region size 1024K, 7 young (7168K), 7 survivors (7168K)
 Metaspace       used 34860K, capacity 35846K, committed 35968K, reserved 1081344K
  class space    used 4018K, capacity 4391K, committed 4480K, reserved 1048576K
}

Deoptimization events (10 events):
Event: 6.974 Thread 0x00000248ee3df000 Uncommon trap: reason=array_check action=maybe_recompile pc=0x0000024887c496a8 method=java.util.AbstractCollection.toArray([Ljava/lang/Object;)[Ljava/lang/Object; @ 116 c2
Event: 6.974 Thread 0x00000248ee3df000 Uncommon trap: reason=array_check action=maybe_recompile pc=0x0000024887c496a8 method=java.util.AbstractCollection.toArray([Ljava/lang/Object;)[Ljava/lang/Object; @ 116 c2
Event: 7.046 Thread 0x00000248ee3df000 Uncommon trap: reason=unstable_if action=reinterpret pc=0x0000024887c03ea4 method=org.springframework.beans.factory.support.AbstractBeanFactory.isTypeMatch(Ljava/lang/String;Lorg/springframework/core/ResolvableType;Z)Z @ 72 c2
Event: 7.301 Thread 0x00000248ee3df000 Uncommon trap: reason=unstable_if action=reinterpret pc=0x0000024887c482f0 method=org.springframework.beans.factory.support.DefaultSingletonBeanRegistry.getSingleton(Ljava/lang/String;Z)Ljava/lang/Object; @ 39 c2
Event: 7.302 Thread 0x00000248ee3df000 Uncommon trap: reason=speculate_class_check action=maybe_recompile pc=0x0000024887c601c0 method=java.lang.reflect.Executable.declaredAnnotations()Ljava/util/Map; @ 23 c2
Event: 7.303 Thread 0x00000248ee3df000 Uncommon trap: reason=speculate_class_check action=maybe_recompile pc=0x0000024887c601c0 method=java.lang.reflect.Executable.declaredAnnotations()Ljava/util/Map; @ 23 c2
Event: 7.306 Thread 0x00000248ee3df000 Uncommon trap: reason=speculate_class_check action=maybe_recompile pc=0x0000024887c601c0 method=java.lang.reflect.Executable.declaredAnnotations()Ljava/util/Map; @ 23 c2
Event: 7.306 Thread 0x00000248ee3df000 Uncommon trap: reason=speculate_class_check action=maybe_recompile pc=0x0000024887c601c0 method=java.lang.reflect.Executable.declaredAnnotations()Ljava/util/Map; @ 23 c2
Event: 7.317 Thread 0x00000248ee3df000 Uncommon trap: reason=intrinsic_or_type_checked_inlining action=make_not_entrant pc=0x0000024887c6ec80 method=java.util.Arrays.copyOf([Ljava/lang/Object;ILjava/lang/Class;)[Ljava/lang/Object; @ 35 c2
Event: 7.400 Thread 0x00000248ee3df000 Uncommon trap: reason=unstable_if action=reinterpret pc=0x0000024887b4fb7c method=org.springframework.util.ConcurrentReferenceHashMap$Segment.clear()V @ 7 c2

Classes redefined (0 events):
No events

Internal exceptions (10 events):
Event: 6.808 Thread 0x00000248ee3df000 Exception <a 'java/lang/ClassNotFoundException'{0x000000070f84b888}: org/springframework/web/context/ServletContextAwareCustomizer> (0x000000070f84b888) thrown at [./open/src/hotspot/share/classfile/systemDictionary.cpp, line 228]
Event: 6.809 Thread 0x00000248ee3df000 Exception <a 'java/lang/ClassNotFoundException'{0x000000070f854590}: org/springframework/beans/factory/AwareCustomizer> (0x000000070f854590) thrown at [./open/src/hotspot/share/classfile/systemDictionary.cpp, line 228]
Event: 7.027 Thread 0x00000248ee3df000 Exception <a 'java/lang/NoSuchMethodError'{0x00000007143a06c0}: java.lang.invoke.DirectMethodHandle$Holder.invokeVirtual(Ljava/lang/Object;Ljava/lang/Object;I)V> (0x00000007143a06c0) thrown at [./open/src/hotspot/share/interpreter/linkResolver.cpp, line 7
Event: 7.032 Thread 0x00000248ee3df000 Exception <a 'java/lang/NoSuchMethodError'{0x00000007143ba548}: java.lang.invoke.DirectMethodHandle$Holder.invokeVirtual(Ljava/lang/Object;Ljava/lang/Object;J)V> (0x00000007143ba548) thrown at [./open/src/hotspot/share/interpreter/linkResolver.cpp, line 7
Event: 7.239 Thread 0x00000248ee3df000 Exception <a 'java/lang/IncompatibleClassChangeError'{0x000000071445b170}: Found class java.lang.Object, but interface was expected> (0x000000071445b170) thrown at [./open/src/hotspot/share/interpreter/linkResolver.cpp, line 838]
Event: 7.291 Thread 0x00000248ee3df000 Exception <a 'java/lang/NoSuchMethodError'{0x00000007143dc698}: java.lang.invoke.DirectMethodHandle$Holder.invokeStaticInit(Ljava/lang/Object;Ljava/lang/Object;Ljava/lang/Object;Ljava/lang/Object;)I> (0x00000007143dc698) thrown at [./open/src/hotspot/shar
Event: 7.353 Thread 0x00000248ee3df000 Exception <a 'java/lang/NoSuchMethodError'{0x0000000714163530}: java.lang.invoke.DirectMethodHandle$Holder.invokeSpecial(Ljava/lang/Object;Ljava/lang/Object;ILjava/lang/Object;ILjava/lang/Object;)Ljava/lang/Object;> (0x0000000714163530) thrown at [./open/
Event: 7.354 Thread 0x00000248ee3df000 Exception <a 'java/lang/NoSuchMethodError'{0x000000071416aa10}: java.lang.invoke.DirectMethodHandle$Holder.invokeStatic(Ljava/lang/Object;Ljava/lang/Object;ILjava/lang/Object;I)Ljava/lang/Object;> (0x000000071416aa10) thrown at [./open/src/hotspot/share/i
Event: 7.354 Thread 0x00000248ee3df000 Exception <a 'java/lang/NoSuchMethodError'{0x000000071416e1e8}: java.lang.invoke.DirectMethodHandle$Holder.invokeSpecial(Ljava/lang/Object;Ljava/lang/Object;Ljava/lang/Object;ILjava/lang/Object;I)Ljava/lang/Object;> (0x000000071416e1e8) thrown at [./open/
Event: 7.356 Thread 0x00000248ee3df000 Exception <a 'java/lang/NoSuchMethodError'{0x000000071417a248}: java.lang.invoke.DirectMethodHandle$Holder.invokeVirtual(Ljava/lang/Object;Ljava/lang/Object;)V> (0x000000071417a248) thrown at [./open/src/hotspot/share/interpreter/linkResolver.cpp, line 77

Events (10 events):
Event: 46.012 Executing VM operation: RevokeBias
Event: 46.012 Executing VM operation: RevokeBias done
Event: 46.012 Executing VM operation: RevokeBias
Event: 46.013 Executing VM operation: RevokeBias done
Event: 46.013 Executing VM operation: RevokeBias
Event: 46.013 Executing VM operation: RevokeBias done
Event: 46.013 Executing VM operation: RevokeBias
Event: 46.013 Executing VM operation: RevokeBias done
Event: 46.015 loading class org/apache/catalina/core/ApplicationFilterFactory
Event: 46.015 loading class org/apache/catalina/core/ApplicationFilterFactory done


Dynamic libraries:
0x00007ff66caf0000 - 0x00007ff66caff000 	C:\Program Files\Java\jdk-11.0.10\bin\java.exe
0x00007ffec9070000 - 0x00007ffec9265000 	C:\WINDOWS\SYSTEM32\ntdll.dll
0x00007ffec8f70000 - 0x00007ffec902e000 	C:\WINDOWS\System32\KERNEL32.DLL
0x00007ffec6b90000 - 0x00007ffec6e58000 	C:\WINDOWS\System32\KERNELBASE.dll
0x00007ffec6fc0000 - 0x00007ffec70c0000 	C:\WINDOWS\System32\ucrtbase.dll
0x00007ffeba8f0000 - 0x00007ffeba908000 	C:\Program Files\Java\jdk-11.0.10\bin\jli.dll
0x00007ffeba560000 - 0x00007ffeba575000 	C:\Program Files\Java\jdk-11.0.10\bin\VCRUNTIME140.dll
0x00007ffec83b0000 - 0x00007ffec845e000 	C:\WINDOWS\System32\ADVAPI32.dll
0x00007ffec8600000 - 0x00007ffec869e000 	C:\WINDOWS\System32\msvcrt.dll
0x00007ffec8ed0000 - 0x00007ffec8f6c000 	C:\WINDOWS\System32\sechost.dll
0x00007ffec86a0000 - 0x00007ffec87c5000 	C:\WINDOWS\System32\RPCRT4.dll
0x00007ffec8460000 - 0x00007ffec8600000 	C:\WINDOWS\System32\USER32.dll
0x00007ffec6af0000 - 0x00007ffec6b12000 	C:\WINDOWS\System32\win32u.dll
0x00007ffec7dd0000 - 0x00007ffec7dfb000 	C:\WINDOWS\System32\GDI32.dll
0x00007ffec6830000 - 0x00007ffec693d000 	C:\WINDOWS\System32\gdi32full.dll
0x00007ffeb9050000 - 0x00007ffeb92ea000 	C:\WINDOWS\WinSxS\amd64_microsoft.windows.common-controls_6595b64144ccf1df_6.0.19041.1110_none_60b5254171f9507e\COMCTL32.dll
0x00007ffec6940000 - 0x00007ffec69dd000 	C:\WINDOWS\System32\msvcp_win.dll
0x00007ffebc8a0000 - 0x00007ffebc8aa000 	C:\WINDOWS\SYSTEM32\VERSION.dll
0x00007ffec8d60000 - 0x00007ffec8d90000 	C:\WINDOWS\System32\IMM32.DLL
0x00007ffe9bad0000 - 0x00007ffe9bb6b000 	C:\Program Files\Java\jdk-11.0.10\bin\msvcp140.dll
0x00007ffe8eb00000 - 0x00007ffe8f5fb000 	C:\Program Files\Java\jdk-11.0.10\bin\server\jvm.dll
0x00007ffec8ea0000 - 0x00007ffec8ea8000 	C:\WINDOWS\System32\PSAPI.DLL
0x00007ffeb3ec0000 - 0x00007ffeb3ec9000 	C:\WINDOWS\SYSTEM32\WSOCK32.dll
0x00007ffec7d00000 - 0x00007ffec7d6b000 	C:\WINDOWS\System32\WS2_32.dll
0x00007ffebc5c0000 - 0x00007ffebc5e7000 	C:\WINDOWS\SYSTEM32\WINMM.dll
0x00007ffec4550000 - 0x00007ffec4562000 	C:\WINDOWS\SYSTEM32\kernel.appcore.dll
0x00007ffebc2a0000 - 0x00007ffebc2b0000 	C:\Program Files\Java\jdk-11.0.10\bin\verify.dll
0x00007ffeb4500000 - 0x00007ffeb46e4000 	C:\WINDOWS\SYSTEM32\DBGHELP.DLL
0x00007ffeb4330000 - 0x00007ffeb435c000 	C:\WINDOWS\SYSTEM32\dbgcore.DLL
0x00007ffec6a10000 - 0x00007ffec6a92000 	C:\WINDOWS\System32\bcryptPrimitives.dll
0x00007ffeba2f0000 - 0x00007ffeba318000 	C:\Program Files\Java\jdk-11.0.10\bin\java.dll
0x00007ffebc240000 - 0x00007ffebc24a000 	C:\Program Files\Java\jdk-11.0.10\bin\jimage.dll
0x00007ffeba4a0000 - 0x00007ffeba4ae000 	C:\Program Files\Java\jdk-11.0.10\bin\instrument.dll
0x00007ffeba410000 - 0x00007ffeba426000 	C:\Program Files\Java\jdk-11.0.10\bin\zip.dll
0x00007ffec71e0000 - 0x00007ffec7924000 	C:\WINDOWS\System32\SHELL32.dll
0x00007ffec4830000 - 0x00007ffec4fc4000 	C:\WINDOWS\SYSTEM32\windows.storage.dll
0x00007ffec88b0000 - 0x00007ffec8c05000 	C:\WINDOWS\System32\combase.dll
0x00007ffec6020000 - 0x00007ffec604e000 	C:\WINDOWS\SYSTEM32\Wldp.dll
0x00007ffec8c20000 - 0x00007ffec8ccd000 	C:\WINDOWS\System32\SHCORE.dll
0x00007ffec7d70000 - 0x00007ffec7dc5000 	C:\WINDOWS\System32\shlwapi.dll
0x00007ffec6670000 - 0x00007ffec668f000 	C:\WINDOWS\SYSTEM32\profapi.dll
0x00007ffeba2d0000 - 0x00007ffeba2e9000 	C:\Program Files\Java\jdk-11.0.10\bin\net.dll
0x00007ffebebe0000 - 0x00007ffebecec000 	C:\WINDOWS\SYSTEM32\WINHTTP.dll
0x00007ffec5e00000 - 0x00007ffec5e6a000 	C:\WINDOWS\system32\mswsock.dll
0x00007ffeba2b0000 - 0x00007ffeba2c2000 	C:\Program Files\Java\jdk-11.0.10\bin\nio.dll
0x00007ffebd0a0000 - 0x00007ffebd0ba000 	C:\Program Files\JetBrains\IntelliJ IDEA Community Edition 2021.2\bin\breakgen64.dll
0x00007ffeba370000 - 0x00007ffeba379000 	C:\Program Files\Java\jdk-11.0.10\bin\management.dll
0x00007ffeba2a0000 - 0x00007ffeba2ab000 	C:\Program Files\Java\jdk-11.0.10\bin\management_ext.dll
0x00007ffeba920000 - 0x00007ffeba937000 	C:\WINDOWS\system32\napinsp.dll
0x00007ffeba7d0000 - 0x00007ffeba7eb000 	C:\WINDOWS\system32\pnrpnsp.dll
0x00007ffec0fa0000 - 0x00007ffec0fb5000 	C:\WINDOWS\system32\wshbth.dll
0x00007ffec1b30000 - 0x00007ffec1b4d000 	C:\WINDOWS\system32\NLAapi.dll
0x00007ffec5b10000 - 0x00007ffec5b4b000 	C:\WINDOWS\SYSTEM32\IPHLPAPI.DLL
0x00007ffec5b50000 - 0x00007ffec5c1b000 	C:\WINDOWS\SYSTEM32\DNSAPI.dll
0x00007ffec7a10000 - 0x00007ffec7a18000 	C:\WINDOWS\System32\NSI.dll
0x00007ffeb98b0000 - 0x00007ffeb98c2000 	C:\WINDOWS\System32\winrnr.dll
0x00007ffebd7a0000 - 0x00007ffebd7aa000 	C:\Windows\System32\rasadhlp.dll
0x00007ffebd910000 - 0x00007ffebd98f000 	C:\WINDOWS\System32\fwpuclnt.dll
0x00007ffec69e0000 - 0x00007ffec6a07000 	C:\WINDOWS\System32\bcrypt.dll
0x00007ffec63e0000 - 0x00007ffec63f8000 	C:\WINDOWS\SYSTEM32\CRYPTSP.dll
0x00007ffec57a0000 - 0x00007ffec57d4000 	C:\WINDOWS\system32\rsaenh.dll
0x00007ffec65d0000 - 0x00007ffec65fe000 	C:\WINDOWS\SYSTEM32\USERENV.dll
0x00007ffec5f90000 - 0x00007ffec5f9c000 	C:\WINDOWS\SYSTEM32\CRYPTBASE.dll
0x00007ffec09f0000 - 0x00007ffec0a07000 	C:\WINDOWS\SYSTEM32\dhcpcsvc6.DLL
0x00007ffec0950000 - 0x00007ffec096d000 	C:\WINDOWS\SYSTEM32\dhcpcsvc.DLL

dbghelp: loaded successfully - version: 4.0.5 - missing functions: none
symbol engine: initialized successfully - sym options: 0x614 - pdb path: .;C:\Program Files\Java\jdk-11.0.10\bin;C:\WINDOWS\SYSTEM32;C:\WINDOWS\WinSxS\amd64_microsoft.windows.common-controls_6595b64144ccf1df_6.0.19041.1110_none_60b5254171f9507e;C:\Program Files\Java\jdk-11.0.10\bin\server;C:\Program Files\JetBrains\IntelliJ IDEA Community Edition 2021.2\bin

VM Arguments:
jvm_args: -javaagent:C:\Program Files\JetBrains\IntelliJ IDEA Community Edition 2021.2\lib\idea_rt.jar=33079:C:\Program Files\JetBrains\IntelliJ IDEA Community Edition 2021.2\bin -Dfile.encoding=UTF-8 
java_command: com.example.PeanutButter.PeanutButterApplication
java_class_path (initial): C:\Users\Intern 4\Downloads\PeanutButter\PeanutButter\target\classes;C:\Users\Intern 4\.m2\repository\org\springframework\boot\spring-boot-starter-web\2.6.4\spring-boot-starter-web-2.6.4.jar;C:\Users\Intern 4\.m2\repository\org\springframework\boot\spring-boot-starter\2.6.4\spring-boot-starter-2.6.4.jar;C:\Users\Intern 4\.m2\repository\org\springframework\boot\spring-boot\2.6.4\spring-boot-2.6.4.jar;C:\Users\Intern 4\.m2\repository\org\springframework\boot\spring-boot-autoconfigure\2.6.4\spring-boot-autoconfigure-2.6.4.jar;C:\Users\Intern 4\.m2\repository\org\springframework\boot\spring-boot-starter-logging\2.6.4\spring-boot-starter-logging-2.6.4.jar;C:\Users\Intern 4\.m2\repository\ch\qos\logback\logback-classic\1.2.10\logback-classic-1.2.10.jar;C:\Users\Intern 4\.m2\repository\ch\qos\logback\logback-core\1.2.10\logback-core-1.2.10.jar;C:\Users\Intern 4\.m2\repository\org\apache\logging\log4j\log4j-to-slf4j\2.17.1\log4j-to-slf4j-2.17.1.jar;C:\Users\Intern 4\.m2\repository\org\apache\logging\log4j\log4j-api\2.17.1\log4j-api-2.17.1.jar;C:\Users\Intern 4\.m2\repository\org\slf4j\jul-to-slf4j\1.7.36\jul-to-slf4j-1.7.36.jar;C:\Users\Intern 4\.m2\repository\jakarta\annotation\jakarta.annotation-api\1.3.5\jakarta.annotation-api-1.3.5.jar;C:\Users\Intern 4\.m2\repository\org\yaml\snakeyaml\1.29\snakeyaml-1.29.jar;C:\Users\Intern 4\.m2\repository\org\springframework\boot\spring-boot-starter-json\2.6.4\spring-boot-starter-json-2.6.4.jar;C:\Users\Intern 4\.m2\repository\com\fasterxml\jackson\core\jackson-databind\2.13.1\jackson-databind-2.13.1.jar;C:\Users\Intern 4\.m2\repository\com\fasterxml\jackson\core\jackson-annotations\2.13.1\jackson-annotations-2.13.1.jar;C:\Users\Intern 4\.m2\repository\com\fasterxml\jackson\core\jackson-core\2.13.1\jackson-core-2.13.1.jar;C:\Users\Intern 4\.m2\repository\com\fasterxml\jackson\datatype\jackson-datatype-jdk8\2.13.1\jackson-datatype-jdk8-2.13.1.jar;C:\Users\Intern 4\.m2\repository\com\fasterxml\jackson\data
Launcher Type: SUN_STANDARD

[Global flags]
     intx CICompilerCount                          = 4                                         {product} {ergonomic}
     uint ConcGCThreads                            = 2                                         {product} {ergonomic}
     uint G1ConcRefinementThreads                  = 8                                         {product} {ergonomic}
   size_t G1HeapRegionSize                         = 1048576                                   {product} {ergonomic}
    uintx GCDrainStackTargetSize                   = 64                                        {product} {ergonomic}
   size_t InitialHeapSize                          = 264241152                                 {product} {ergonomic}
   size_t MarkStackSize                            = 4194304                                   {product} {ergonomic}
   size_t MaxHeapSize                              = 4217372672                                {product} {ergonomic}
   size_t MaxNewSize                               = 2530213888                                {product} {ergonomic}
   size_t MinHeapDeltaBytes                        = 1048576                                   {product} {ergonomic}
    uintx NonNMethodCodeHeapSize                   = 5836300                                {pd product} {ergonomic}
    uintx NonProfiledCodeHeapSize                  = 122910970                              {pd product} {ergonomic}
    uintx ProfiledCodeHeapSize                     = 122910970                              {pd product} {ergonomic}
    uintx ReservedCodeCacheSize                    = 251658240                              {pd product} {ergonomic}
     bool SegmentedCodeCache                       = true                                      {product} {ergonomic}
     bool UseCompressedClassPointers               = true                                 {lp64_product} {ergonomic}
     bool UseCompressedOops                        = true                                 {lp64_product} {ergonomic}
     bool UseG1GC                                  = true                                      {product} {ergonomic}
     bool UseLargePagesIndividualAllocation        = false                                  {pd product} {ergonomic}

Logging:
Log output configuration:
 #0: stdout all=warning uptime,level,tags
 #1: stderr all=off uptime,level,tags

Environment Variables:
JAVA_HOME=C:\Program Files\Java\jdk-11.0.10
PATH=C:\Python39\Scripts\;C:\Python39\;C:\Program Files\Common Files\Oracle\Java\javapath;C:\Program Files (x86)\Common Files\Oracle\Java\javapath;C:\oraclexe\app\oracle\app\oracle\product\11.2.0\server\bin;C:\app\Intern\bin;C:\ProgramData\Oracle\Java\javapath;C:\WINDOWS\system32;C:\WINDOWS;C:\WINDOWS\System32\Wbem;C:\WINDOWS\System32\WindowsPowerShell\v1.0\;C:\Program Files\Microsoft\Web Platform Installer\;C:\Program Files (x86)\Microsoft ASP.NET\ASP.NET Web Pages\v1.0\;C:\Program Files\Microsoft SQL Server\110\Tools\Binn\;C:\Program Files\MySQL\MySQL Utilities 1.6\;C:\WINDOWS\System32\OpenSSH\;C:\Program Files\PuTTY\;C:\Program Files (x86)\CrSSL\bin;C:\Program Files\Java\jre1.8.0_191\bin;C:\Program Files (x86)\Java\jre1.8.0_191\bin;C:\apache-maven-3.6.3-bin\apache-maven-3.6.3\bin;C:\Program Files\Java\jdk1.8.0_91;C:\Program Files\MySQL\MySQL Server 5.7\bin;C:\Program Files\Java\jdk-11.0.10\bin;C:\Users\Intern 4\Desktop\rapid Project\rh-master-data\pathways;C:\Program Files (x86)\Yarn\bin\;C:\Program Files\nodejs\;C:\ProgramData\chocolatey\bin;C:\Program Files\Docker\Docker\resources\bin;C:\ProgramData\DockerDesktop\version-bin;C:\Program Files (x86)\GitExtensions\;C:\ProgramData\ComposerSetup\bin;C:\Program Files (x86)\DevDesktop\drush_10;C:\Program Files (x86)\dotnet\;C:\php;C:\Program Files\Git\cmd;C:\Users\Intern 4\Desktop\projects\rapid-studio;C:\Users\Intern 4\Desktop\projects\rapid-studio;C:\Users\Intern 4\AppData\Local\Yarn\bin;C:\Users\Intern 4\AppData\Roaming\npm;C:\Program Files\JetBrains\IntelliJ IDEA Community Edition 2021.2\bin;;C:\Users\Intern 4\AppData\Roaming\Composer\vendor\bin
USERNAME=Intern 4
OS=Windows_NT
PROCESSOR_IDENTIFIER=Intel64 Family 6 Model 60 Stepping 3, GenuineIntel



---------------  S Y S T E M  ---------------

OS: Windows 10 , 64 bit Build 19041 (10.0.19041.1503)
Hyper-V role detected

CPU:total 8 (initial active 8) (4 cores per cpu, 2 threads per core) family 6 model 60 stepping 3 microcode 0x27, cmov, cx8, fxsr, mmx, sse, sse2, sse3, ssse3, sse4.1, sse4.2, popcnt, avx, avx2, aes, clmul, erms, lzcnt, ht, tsc, tscinvbit, bmi1, bmi2, fma

Memory: 4k page, system-wide physical 16083M (1711M free)
TotalPageFile size 34083M (AvailPageFile size 1M)
current process WorkingSet (physical memory assigned to process): 190M, peak: 204M
current process commit charge ("private bytes"): 397M, peak: 431M

vm_info: Java HotSpot(TM) 64-Bit Server VM (11.0.10+8-LTS-162) for windows-amd64 JRE (11.0.10+8-LTS-162), built on Dec  8 2020 16:32:57 by "mach5one" with MS VC++ 15.9 (VS2017)

END.
